<?xml version="1.0" encoding="UTF-8"?>
<!-- Generated by org.testng.reporters.JUnitReportReporter -->
<testsuite hostname="DESKTOP-4T7HNED" failures="0" tests="1" name="storedProcedureTesting.SPTesting" time="0.555" errors="0" timestamp="2023-10-02T16:52:22 IST" skipped="0">
  <testcase classname="storedProcedureTesting.SPTesting" name="test_get_customerShipping" time="0.555"/>
</testsuite> <!-- storedProcedureTesting.SPTesting -->
