<?xml version="1.0" encoding="UTF-8"?>
<!-- Generated by org.testng.reporters.JUnitReportReporter -->
<testsuite hostname="DESKTOP-4T7HNED" failures="0" tests="1" name="storedProcedureTesting.SPTesting" time="0.096" errors="0" timestamp="2023-09-08T20:48:25 IST" skipped="0">
  <testcase classname="storedProcedureTesting.SPTesting" name="test_get_customerShipping" time="0.096"/>
</testsuite> <!-- storedProcedureTesting.SPTesting -->
